<?xml version="1.0" encoding="UTF-8"?>
<!-- Generated by org.testng.reporters.JUnitReportReporter -->
<testsuite hostname="DESKTOP-0EJ1KML" failures="0" tests="1" name="testCases.TC_005_Add_Product_Cart" time="17.565" errors="0" timestamp="2024-04-22T19:06:17 IST" skipped="0">
  <testcase classname="testCases.TC_005_Add_Product_Cart" name="verfiyProductAddedToCart" time="17.565"/>
</testsuite> <!-- testCases.TC_005_Add_Product_Cart -->
