<?xml version="1.0" encoding="UTF-8"?>
<!-- Generated by org.testng.reporters.JUnitReportReporter -->
<testsuite hostname="DESKTOP-0EJ1KML" failures="0" tests="1" name="testCases.TC_009_Advanced_Search_Functionality" time="22.682" errors="0" timestamp="2024-04-18T19:14:38 IST" skipped="0">
  <testcase classname="testCases.TC_009_Advanced_Search_Functionality" name="verifyAdvancedSearch" time="22.682"/>
</testsuite> <!-- testCases.TC_009_Advanced_Search_Functionality -->
