<?xml version="1.0" encoding="UTF-8"?>
<!-- Generated by org.testng.reporters.JUnitReportReporter -->
<testsuite hostname="DESKTOP-0EJ1KML" failures="0" tests="1" name="testCases.TC_006_Fogot_Link_Functionality" time="4.616" errors="0" timestamp="2024-04-15T17:29:35 IST" skipped="0">
  <testcase classname="testCases.TC_006_Fogot_Link_Functionality" name="verifyForgotLink" time="4.616"/>
</testsuite> <!-- testCases.TC_006_Fogot_Link_Functionality -->
