<?xml version="1.0" encoding="UTF-8"?>
<!-- Generated by org.testng.reporters.JUnitReportReporter -->
<testsuite hostname="DESKTOP-0EJ1KML" failures="0" tests="1" name="testCases.TC_002_LoginTest" time="4.850" errors="0" timestamp="2024-04-11T19:18:41 IST" skipped="0">
  <testcase classname="testCases.TC_002_LoginTest" name="verify_login" time="4.850"/>
</testsuite> <!-- testCases.TC_002_LoginTest -->
