<?xml version="1.0" encoding="UTF-8"?>
<!-- Generated by org.testng.reporters.JUnitReportReporter -->
<testsuite hostname="DESKTOP-0EJ1KML" failures="0" tests="1" name="testCases.TC_003_ProdcutDertails" time="9.060" errors="0" timestamp="2024-04-22T19:06:17 IST" skipped="0">
  <testcase classname="testCases.TC_003_ProdcutDertails" name="verifyProductDetails" time="9.060"/>
</testsuite> <!-- testCases.TC_003_ProdcutDertails -->
