<?xml version="1.0" encoding="UTF-8"?>
<!-- Generated by org.testng.reporters.JUnitReportReporter -->
<testsuite hostname="DESKTOP-0EJ1KML" failures="0" tests="1" name="testCases.TC_008_My_Account_Details" time="9.419" errors="0" timestamp="2024-04-17T18:13:15 IST" skipped="0">
  <testcase classname="testCases.TC_008_My_Account_Details" name="verfiyMyAccountDetails" time="9.419"/>
</testsuite> <!-- testCases.TC_008_My_Account_Details -->
