<?xml version="1.0" encoding="UTF-8"?>
<!-- Generated by org.testng.reporters.JUnitReportReporter -->
<testsuite hostname="DESKTOP-0EJ1KML" failures="0" tests="1" name="testCases.TC_007_Ordering_Items" time="88.017" errors="0" timestamp="2024-04-16T16:33:02 IST" skipped="0">
  <testcase classname="testCases.TC_007_Ordering_Items" name="verifyOrderingItems" time="88.017"/>
</testsuite> <!-- testCases.TC_007_Ordering_Items -->
